2024/06/18 21:27:57.779 Info   Starting JoyToKey v6.9.1
2024/06/18 21:27:57.779 Info   ExeFile = E:\jogos\nucleuscoop\handlers\Call of Duty 2003\JoyToKey.exe
2024/06/18 21:27:57.779 Info   Args = E:\jogos\nucleuscoop\handlers\Call of Duty 2003\JoyToKey.exe
2024/06/18 21:27:57.779 Info   DataDirectory = E:\jogos\nucleuscoop\handlers\Call of Duty 2003\
2024/06/18 21:27:57.779 Info   Profile = 
2024/06/18 21:27:57.779 Info   IniFile = E:\jogos\nucleuscoop\handlers\Call of Duty 2003\JoyToKey.ini
2024/06/18 21:27:57.779 Info   Loading ini file: E:\jogos\nucleuscoop\handlers\Call of Duty 2003\JoyToKey.ini (AppInfo.cpp#259)
2024/06/18 21:27:57.779 Info   LicenseKey "" is not valid
2024/06/18 21:27:57.835 Info   Loading XInput1_3.dll (Joystick.cpp#158)
2024/06/18 21:27:57.836 Info   Initialized XInput (Joystick.cpp#180)
2024/06/18 21:27:57.852 Info   Initialized DirectInput (Joystick.cpp#193)
2024/06/18 21:27:57.852 Info   Loading hid.dll (JoystickHID.h#58)
2024/06/18 21:27:57.852 Info   Initialized HID (Joystick.cpp#202)
2024/06/18 21:27:57.852 Info   ConfigDir=E:\jogos\nucleuscoop\handlers\Call of Duty 2003\*.cfg (ConfigFileManager.cpp#43)
2024/06/18 21:27:57.853 Info   Failed to find AppLink.dat (AppLink\AppLinkManager.cpp#32)
2024/06/18 21:27:57.865 Info   TimerInit: Initializing timer with x1 speed mode (interval = 16 msec)
2024/06/18 21:27:57.890 Info   Starting in a minimized mode (JoyToKey.cpp#37)
2024/06/18 21:27:57.890 Info   Not showing (hiding) the main window (JoyToKey.cpp#39)
2024/06/18 21:27:57.945 Info   Detected a XI joystick: XInput-0
2024/06/18 21:27:57.945 Info   Detected a XI joystick: XInput-1
2024/06/18 21:27:57.945 Info   DetectJoysticks: Detected 2 XI joystick(s)
2024/06/18 21:27:58.119 Info   Detected a DI joystick: Controller (Inno GamePad..), Controller (Inno GamePad..), 028E045E, {5B445DD0-64FE-11EB-8001-444553540000}
2024/06/18 21:27:58.135 Info   Detected a DI joystick: Controller (Inno GamePad..), Controller (Inno GamePad..), 028E045E, {14BF0100-9200-11EC-8001-444553540000}
2024/06/18 21:27:58.156 Info   Joystick #1: XInput Device #1
2024/06/18 21:27:58.156 Info   Joystick #2: XInput Device #2
2024/06/18 21:27:58.156 Info   2 joystick(s) are detected (Joystick.cpp#281)
