2023/12/14 23:40:51.792 Info   Starting JoyToKey v6.9.1
2023/12/14 23:40:51.792 Info   ExeFile = E:\jogos\nucleuscoop\NucleusCo-op\handlers\Section 8 Prejudice\JoyToKey.exe
2023/12/14 23:40:51.792 Info   Args = E:\jogos\nucleuscoop\NucleusCo-op\handlers\Section 8 Prejudice\JoyToKey.exe
2023/12/14 23:40:51.792 Info   DataDirectory = E:\jogos\nucleuscoop\NucleusCo-op\handlers\Section 8 Prejudice\
2023/12/14 23:40:51.792 Info   Profile = 
2023/12/14 23:40:51.792 Info   IniFile = E:\jogos\nucleuscoop\NucleusCo-op\handlers\Section 8 Prejudice\JoyToKey.ini
2023/12/14 23:40:51.793 Info   Loading ini file: E:\jogos\nucleuscoop\NucleusCo-op\handlers\Section 8 Prejudice\JoyToKey.ini (AppInfo.cpp#259)
2023/12/14 23:40:51.793 Info   LicenseKey "" is not valid
2023/12/14 23:40:51.862 Info   Loading XInput1_3.dll (Joystick.cpp#158)
2023/12/14 23:40:51.864 Info   Initialized XInput (Joystick.cpp#180)
2023/12/14 23:40:51.876 Info   Initialized DirectInput (Joystick.cpp#193)
2023/12/14 23:40:51.876 Info   Loading hid.dll (JoystickHID.h#58)
2023/12/14 23:40:51.877 Info   Initialized HID (Joystick.cpp#202)
2023/12/14 23:40:51.877 Info   ConfigDir=E:\jogos\nucleuscoop\NucleusCo-op\handlers\Section 8 Prejudice\*.cfg (ConfigFileManager.cpp#43)
2023/12/14 23:40:51.877 Info   Failed to find AppLink.dat (AppLink\AppLinkManager.cpp#32)
2023/12/14 23:40:51.916 Info   TimerInit: Initializing timer with x1 speed mode (interval = 16 msec)
2023/12/14 23:40:52.055 Info   Starting in a minimized mode (JoyToKey.cpp#37)
2023/12/14 23:40:52.055 Info   Not showing (hiding) the main window (JoyToKey.cpp#39)
2023/12/14 23:40:52.093 Info   Detected a XI joystick: XInput-0
2023/12/14 23:40:52.093 Info   Detected a XI joystick: XInput-1
2023/12/14 23:40:52.093 Info   DetectJoysticks: Detected 2 XI joystick(s)
2023/12/14 23:40:52.409 Info   Detected a DI joystick: Controller (Inno GamePad..), Controller (Inno GamePad..), 028E045E, {5B445DD0-64FE-11EB-8001-444553540000}
2023/12/14 23:40:52.410 Info   Detected a DI joystick: Controller (Inno GamePad..), Controller (Inno GamePad..), 028E045E, {14BF0100-9200-11EC-8001-444553540000}
2023/12/14 23:40:52.434 Info   Joystick #1: XInput Device #1
2023/12/14 23:40:52.434 Info   Joystick #2: XInput Device #2
2023/12/14 23:40:52.434 Info   2 joystick(s) are detected (Joystick.cpp#281)
